2024-10-30 11:41:23,075 - model_trainer - INFO - Loading AWS connections...
2024-10-30 11:41:26,670 - model_trainer - INFO - Initializing SageMakerTraining...
2024-10-30 11:41:26,672 - model_trainer - INFO - Running training...
2024-10-30 11:41:26,673 - model_trainer - INFO - Starting training process...
2024-10-30 11:44:02,145 - model_trainer - INFO - Loading AWS connections...
2024-10-30 11:44:05,585 - model_trainer - INFO - Initializing SageMakerTraining...
2024-10-30 11:44:05,586 - model_trainer - INFO - Running training...
2024-10-30 11:44:05,587 - model_trainer - INFO - Starting training process...
2024-10-30 11:44:07,788 - model_trainer - INFO - Starting MLflow run...
2024-10-30 11:44:07,790 - model_trainer - INFO - Creating HuggingFace estimator...
2024-10-30 11:44:08,528 - model_trainer - INFO - Fitting the estimator...
2024-10-30 11:52:49,700 - model_trainer - INFO - Loading AWS connections...
2024-10-30 11:52:53,187 - model_trainer - INFO - Initializing SageMakerTraining...
2024-10-30 11:52:53,188 - model_trainer - INFO - Running training...
2024-10-30 11:52:53,188 - model_trainer - INFO - Starting training process...
2024-10-30 11:52:54,576 - model_trainer - INFO - Starting MLflow run...
2024-10-30 11:52:54,577 - model_trainer - INFO - Creating HuggingFace estimator...
2024-10-30 11:52:55,304 - model_trainer - INFO - Fitting the estimator...
2024-10-30 11:56:07,980 - model_trainer - INFO - Loading AWS connections...
2024-10-30 11:56:11,409 - model_trainer - INFO - Initializing SageMakerTraining...
2024-10-30 11:56:11,410 - model_trainer - INFO - Running training...
2024-10-30 11:56:11,411 - model_trainer - INFO - Starting training process...
2024-10-30 11:56:12,803 - model_trainer - INFO - Starting MLflow run...
2024-10-30 11:56:12,804 - model_trainer - INFO - Creating HuggingFace estimator...
2024-10-30 11:56:13,537 - model_trainer - INFO - Fitting the estimator...
2024-10-30 11:58:02,106 - model_trainer - INFO - Loading AWS connections...
2024-10-30 11:58:05,619 - model_trainer - INFO - Initializing SageMakerTraining...
2024-10-30 11:58:05,621 - model_trainer - INFO - Running training...
2024-10-30 11:58:05,623 - model_trainer - INFO - Starting training process...
2024-10-30 11:58:07,099 - model_trainer - INFO - Starting MLflow run...
2024-10-30 11:58:07,099 - model_trainer - INFO - Creating HuggingFace estimator...
2024-10-30 11:58:07,826 - model_trainer - INFO - Fitting the estimator...
2024-10-30 11:58:45,790 - model_trainer - INFO - Loading AWS connections...
2024-10-30 11:58:49,260 - model_trainer - INFO - Initializing SageMakerTraining...
2024-10-30 11:58:49,261 - model_trainer - INFO - Running training...
2024-10-30 11:58:49,263 - model_trainer - INFO - Starting training process...
2024-10-30 11:58:50,791 - model_trainer - INFO - Starting MLflow run...
2024-10-30 11:58:50,792 - model_trainer - INFO - Creating HuggingFace estimator...
2024-10-30 11:58:51,559 - model_trainer - INFO - Fitting the estimator...
